
  .   ____          _            __ _ _
 /\\ / ___'_ __ _ _(_)_ __  __ _ \ \ \ \
( ( )\___ | '_ | '_| | '_ \/ _` | \ \ \ \
 \\/  ___)| |_)| | | | | || (_| |  ) ) ) )
  '  |____| .__|_| |_|_| |_\__, | / / / /
 =========|_|==============|___/=/_/_/_/

 :: Spring Boot ::                (v3.4.4)

2025-04-16T17:05:04.421+02:00  INFO 134641 --- [messaging] [  restartedMain] c.e.messaging.MessagingApplication       : Starting MessagingApplication using Java 24 with PID 134641 (/home/claudio/IdeaProjects/messaging/target/classes started by claudio in /home/claudio/IdeaProjects)
2025-04-16T17:05:04.423+02:00  INFO 134641 --- [messaging] [  restartedMain] c.e.messaging.MessagingApplication       : No active profile set, falling back to 1 default profile: "default"
2025-04-16T17:05:04.446+02:00  INFO 134641 --- [messaging] [  restartedMain] .e.DevToolsPropertyDefaultsPostProcessor : Devtools property defaults active! Set 'spring.devtools.add-properties' to 'false' to disable
WARNING: A terminally deprecated method in sun.misc.Unsafe has been called
WARNING: sun.misc.Unsafe::allocateMemory has been called by io.netty.util.internal.PlatformDependent0$2 (file:/home/claudio/.m2/repository/io/netty/netty-common/4.1.119.Final/netty-common-4.1.119.Final.jar)
WARNING: Please consider reporting this to the maintainers of class io.netty.util.internal.PlatformDependent0$2
WARNING: sun.misc.Unsafe::allocateMemory will be removed in a future release
2025-04-16T17:05:04.857+02:00  INFO 134641 --- [messaging] [  restartedMain] o.s.b.d.a.OptionalLiveReloadServer       : LiveReload server is running on port 35729
2025-04-16T17:05:04.869+02:00  INFO 134641 --- [messaging] [  restartedMain] c.e.messaging.MessagingApplication       : Started MessagingApplication in 0.639 seconds (process running for 0.961)
2025-04-16T17:05:05.872+02:00  INFO 134641 --- [messaging] [       worker-1] com.example.messaging.Restaurant         : Opening restaurant...
2025-04-16T17:05:05.872+02:00  INFO 134641 --- [messaging] [       worker-1] com.example.messaging.Restaurant         : Preparing restaurant...
2025-04-16T17:05:05.873+02:00  INFO 134641 --- [messaging] [       worker-2] c.example.messaging.task.async.ChefTask  : Waiting on coworkers...
WARNING: A restricted method in java.lang.System has been called
WARNING: java.lang.System::loadLibrary has been called by io.netty.util.internal.NativeLibraryUtil in an unnamed module (file:/home/claudio/.m2/repository/io/netty/netty-common/4.1.119.Final/netty-common-4.1.119.Final.jar)
WARNING: Use --enable-native-access=ALL-UNNAMED to avoid a warning for callers in this module
WARNING: Restricted methods will be blocked in a future release unless native access is enabled

2025-04-16T17:05:05.991+02:00  INFO 134641 --- [messaging] [       worker-1] c.example.messaging.util.JmsConnection   : Connected to Artemis Broker
2025-04-16T17:05:05.992+02:00  INFO 134641 --- [messaging] [       worker-3] c.e.messaging.task.async.ServerTask      : Waiting on coworkers...
2025-04-16T17:05:05.992+02:00  INFO 134641 --- [messaging] [       worker-3] c.e.messaging.task.async.ServerTask      : All coworkers ready, starting work!
2025-04-16T17:05:05.992+02:00  INFO 134641 --- [messaging] [       worker-2] c.example.messaging.task.async.ChefTask  : All coworkers ready, starting work!
2025-04-16T17:05:05.992+02:00  INFO 134641 --- [messaging] [       worker-2] com.example.messaging.util.Customer      : Getting customer order...
2025-04-16T17:05:05.992+02:00  WARN 134641 --- [messaging] [       worker-2] c.example.messaging.task.async.ChefTask  : Customer response: 'Nothing fancy on the menu. Maybe next time.'
2025-04-16T17:05:05.993+02:00  INFO 134641 --- [messaging] [       worker-2] com.example.messaging.util.Customer      : Getting customer order...
2025-04-16T17:05:05.993+02:00  WARN 134641 --- [messaging] [       worker-2] c.example.messaging.task.async.ChefTask  : Customer response: 'Nothing fancy on the menu. Maybe next time.'
2025-04-16T17:05:05.993+02:00  INFO 134641 --- [messaging] [       worker-2] com.example.messaging.util.Customer      : Getting customer order...
2025-04-16T17:05:05.993+02:00  WARN 134641 --- [messaging] [       worker-2] c.example.messaging.task.async.ChefTask  : Customer response: 'Nothing fancy on the menu. Maybe next time.'
2025-04-16T17:05:05.993+02:00  INFO 134641 --- [messaging] [       worker-2] com.example.messaging.util.Customer      : Getting customer order...
2025-04-16T17:05:05.993+02:00  INFO 134641 --- [messaging] [       worker-2] com.example.messaging.util.Customer      : Customer ordered 1000000 dishes!
2025-04-16T17:05:14.868+02:00  INFO 134641 --- [messaging] [       worker-4] com.example.messaging.Restaurant         : Closing restaurant...
2025-04-16T17:05:14.869+02:00  INFO 134641 --- [messaging] [       worker-2] c.example.messaging.task.async.ChefTask  : Chef shift ended
2025-04-16T17:05:14.869+02:00  INFO 134641 --- [messaging] [       worker-3] c.e.messaging.task.async.ServerTask      : Server shift ended
2025-04-16T17:05:14.871+02:00  INFO 134641 --- [messaging] [       worker-4] com.example.messaging.Restaurant         : In Cooked 115188 dishes
2025-04-16T17:05:14.871+02:00  INFO 134641 --- [messaging] [       worker-4] com.example.messaging.Restaurant         : Out Cooked 115188 dishes
2025-04-16T17:05:14.871+02:00  INFO 134641 --- [messaging] [       worker-4] com.example.messaging.Restaurant         : In Served 115188 dishes
2025-04-16T17:05:14.871+02:00  INFO 134641 --- [messaging] [       worker-4] com.example.messaging.Restaurant         : Out Served 115188 dishes
2025-04-16T17:05:14.873+02:00  INFO 134641 --- [messaging] [       worker-4] com.example.messaging.Restaurant         : Restaurant closed
